# JRE version: Java(TM) SE Runtime Environment (8.0_181-b13) (build 1.8.0_181-b13)
# Java VM: Java HotSpot(TM) 64-Bit Server VM (25.181-b13 mixed mode linux-amd64 compressed oops)
Heap:
 PSYoungGen      total 276480K, used 0K [0x00000000ebf80000, 0x0000000100000000, 0x0000000100000000)
  eden space 224768K, 0% used [0x00000000ebf80000,0x00000000ebf80000,0x00000000f9b00000)
  from space 51712K, 0% used [0x00000000f9b00000,0x00000000f9b00000,0x00000000fcd80000)
  to   space 48640K, 0% used [0x00000000fd080000,0x00000000fd080000,0x0000000100000000)
 ParOldGen       total 210432K, used 208455K [0x00000000c3e00000, 0x00000000d0b80000, 0x00000000ebf80000)
  object space 210432K, 99% used [0x00000000c3e00000,0x00000000d0991c90,0x00000000d0b80000)
 Metaspace       used 16240K, capacity 16578K, committed 16896K, reserved 1064960K
  class space    used 1567K, capacity 1719K, committed 1792K, reserved 1048576K
GC Heap History (10 events):
Event: 10,846 GC heap after
Heap after GC invocations=16 (full 2):
 PSYoungGen      total 271360K, used 33250K [0x00000000ebf80000, 0x0000000100000000, 0x0000000100000000)
  eden space 238080K, 0% used [0x00000000ebf80000,0x00000000ebf80000,0x00000000fa800000)
  from space 33280K, 99% used [0x00000000fdf80000,0x00000000ffff8bc0,0x0000000100000000)
  to   space 45056K, 0% used [0x00000000fa800000,0x00000000fa800000,0x00000000fd400000)
 ParOldGen       total 133120K, used 112267K [0x00000000c3e00000, 0x00000000cc000000, 0x00000000ebf80000)
  object space 133120K, 84% used [0x00000000c3e00000,0x00000000caba2d58,0x00000000cc000000)
 Metaspace       used 16019K, capacity 16386K, committed 16640K, reserved 1064960K
  class space    used 1567K, capacity 1719K, committed 1792K, reserved 1048576K
}
Event: 10,846 GC heap before
{Heap before GC invocations=17 (full 3):
 PSYoungGen      total 271360K, used 33250K [0x00000000ebf80000, 0x0000000100000000, 0x0000000100000000)
  eden space 238080K, 0% used [0x00000000ebf80000,0x00000000ebf80000,0x00000000fa800000)
  from space 33280K, 99% used [0x00000000fdf80000,0x00000000ffff8bc0,0x0000000100000000)
  to   space 45056K, 0% used [0x00000000fa800000,0x00000000fa800000,0x00000000fd400000)
 ParOldGen       total 133120K, used 112267K [0x00000000c3e00000, 0x00000000cc000000, 0x00000000ebf80000)
  object space 133120K, 84% used [0x00000000c3e00000,0x00000000caba2d58,0x00000000cc000000)
 Metaspace       used 16019K, capacity 16386K, committed 16640K, reserved 1064960K
  class space    used 1567K, capacity 1719K, committed 1792K, reserved 1048576K
Event: 11,113 GC heap after
Heap after GC invocations=17 (full 3):
 PSYoungGen      total 271360K, used 11710K [0x00000000ebf80000, 0x0000000100000000, 0x0000000100000000)
  eden space 238080K, 0% used [0x00000000ebf80000,0x00000000ebf80000,0x00000000fa800000)
  from space 33280K, 35% used [0x00000000fdf80000,0x00000000feaefac8,0x0000000100000000)
  to   space 45056K, 0% used [0x00000000fa800000,0x00000000fa800000,0x00000000fd400000)
 ParOldGen       total 210432K, used 132582K [0x00000000c3e00000, 0x00000000d0b80000, 0x00000000ebf80000)
  object space 210432K, 63% used [0x00000000c3e00000,0x00000000cbf79850,0x00000000d0b80000)
 Metaspace       used 16019K, capacity 16386K, committed 16640K, reserved 1064960K
  class space    used 1567K, capacity 1719K, committed 1792K, reserved 1048576K
}
Event: 11,930 GC heap before
{Heap before GC invocations=18 (full 3):
 PSYoungGen      total 271360K, used 249790K [0x00000000ebf80000, 0x0000000100000000, 0x0000000100000000)
  eden space 238080K, 100% used [0x00000000ebf80000,0x00000000fa800000,0x00000000fa800000)
  from space 33280K, 35% used [0x00000000fdf80000,0x00000000feaefac8,0x0000000100000000)
  to   space 45056K, 0% used [0x00000000fa800000,0x00000000fa800000,0x00000000fd400000)
 ParOldGen       total 210432K, used 132582K [0x00000000c3e00000, 0x00000000d0b80000, 0x00000000ebf80000)
  object space 210432K, 63% used [0x00000000c3e00000,0x00000000cbf79850,0x00000000d0b80000)
 Metaspace       used 16067K, capacity 16450K, committed 16640K, reserved 1064960K
  class space    used 1567K, capacity 1719K, committed 1792K, reserved 1048576K
Event: 11,966 GC heap after
Heap after GC invocations=18 (full 3):
 PSYoungGen      total 283136K, used 23538K [0x00000000ebf80000, 0x0000000100000000, 0x0000000100000000)
  eden space 238080K, 0% used [0x00000000ebf80000,0x00000000ebf80000,0x00000000fa800000)
  from space 45056K, 52% used [0x00000000fa800000,0x00000000fbefc850,0x00000000fd400000)
  to   space 44544K, 0% used [0x00000000fd480000,0x00000000fd480000,0x0000000100000000)
 ParOldGen       total 210432K, used 144319K [0x00000000c3e00000, 0x00000000d0b80000, 0x00000000ebf80000)
  object space 210432K, 68% used [0x00000000c3e00000,0x00000000ccaefcb0,0x00000000d0b80000)
 Metaspace       used 16067K, capacity 16450K, committed 16640K, reserved 1064960K
  class space    used 1567K, capacity 1719K, committed 1792K, reserved 1048576K
}
Event: 13,037 GC heap before
{Heap before GC invocations=19 (full 3):
 PSYoungGen      total 283136K, used 261618K [0x00000000ebf80000, 0x0000000100000000, 0x0000000100000000)
  eden space 238080K, 100% used [0x00000000ebf80000,0x00000000fa800000,0x00000000fa800000)
  from space 45056K, 52% used [0x00000000fa800000,0x00000000fbefc850,0x00000000fd400000)
  to   space 44544K, 0% used [0x00000000fd480000,0x00000000fd480000,0x0000000100000000)
 ParOldGen       total 210432K, used 144319K [0x00000000c3e00000, 0x00000000d0b80000, 0x00000000ebf80000)
  object space 210432K, 68% used [0x00000000c3e00000,0x00000000ccaefcb0,0x00000000d0b80000)
 Metaspace       used 16232K, capacity 16578K, committed 16896K, reserved 1064960K
  class space    used 1567K, capacity 1719K, committed 1792K, reserved 1048576K
Event: 13,078 GC heap after
Heap after GC invocations=19 (full 3):
 PSYoungGen      total 269312K, used 44515K [0x00000000ebf80000, 0x0000000100000000, 0x0000000100000000)
  eden space 224768K, 0% used [0x00000000ebf80000,0x00000000ebf80000,0x00000000f9b00000)
  from space 44544K, 99% used [0x00000000fd480000,0x00000000ffff8fe0,0x0000000100000000)
  to   space 51712K, 0% used [0x00000000f9b00000,0x00000000f9b00000,0x00000000fcd80000)
 ParOldGen       total 210432K, used 144967K [0x00000000c3e00000, 0x00000000d0b80000, 0x00000000ebf80000)
  object space 210432K, 68% used [0x00000000c3e00000,0x00000000ccb91cf0,0x00000000d0b80000)
 Metaspace       used 16232K, capacity 16578K, committed 16896K, reserved 1064960K
  class space    used 1567K, capacity 1719K, committed 1792K, reserved 1048576K
}
Event: 14,271 GC heap before
{Heap before GC invocations=20 (full 3):
 PSYoungGen      total 269312K, used 269283K [0x00000000ebf80000, 0x0000000100000000, 0x0000000100000000)
  eden space 224768K, 100% used [0x00000000ebf80000,0x00000000f9b00000,0x00000000f9b00000)
  from space 44544K, 99% used [0x00000000fd480000,0x00000000ffff8fe0,0x0000000100000000)
  to   space 51712K, 0% used [0x00000000f9b00000,0x00000000f9b00000,0x00000000fcd80000)
 ParOldGen       total 210432K, used 144967K [0x00000000c3e00000, 0x00000000d0b80000, 0x00000000ebf80000)
  object space 210432K, 68% used [0x00000000c3e00000,0x00000000ccb91cf0,0x00000000d0b80000)
 Metaspace       used 16240K, capacity 16578K, committed 16896K, reserved 1064960K
  class space    used 1567K, capacity 1719K, committed 1792K, reserved 1048576K
Event: 14,347 GC heap after
Heap after GC invocations=20 (full 3):
 PSYoungGen      total 276480K, used 20513K [0x00000000ebf80000, 0x0000000100000000, 0x0000000100000000)
  eden space 224768K, 0% used [0x00000000ebf80000,0x00000000ebf80000,0x00000000f9b00000)
  from space 51712K, 39% used [0x00000000f9b00000,0x00000000faf08740,0x00000000fcd80000)
  to   space 48640K, 0% used [0x00000000fd080000,0x00000000fd080000,0x0000000100000000)
 ParOldGen       total 210432K, used 189150K [0x00000000c3e00000, 0x00000000d0b80000, 0x00000000ebf80000)
  object space 210432K, 89% used [0x00000000c3e00000,0x00000000cf6b7a98,0x00000000d0b80000)
 Metaspace       used 16240K, capacity 16578K, committed 16896K, reserved 1064960K
  class space    used 1567K, capacity 1719K, committed 1792K, reserved 1048576K
}
Event: 14,347 GC heap before
{Heap before GC invocations=21 (full 4):
 PSYoungGen      total 276480K, used 20513K [0x00000000ebf80000, 0x0000000100000000, 0x0000000100000000)
  eden space 224768K, 0% used [0x00000000ebf80000,0x00000000ebf80000,0x00000000f9b00000)
  from space 51712K, 39% used [0x00000000f9b00000,0x00000000faf08740,0x00000000fcd80000)
  to   space 48640K, 0% used [0x00000000fd080000,0x00000000fd080000,0x0000000100000000)
 ParOldGen       total 210432K, used 189150K [0x00000000c3e00000, 0x00000000d0b80000, 0x00000000ebf80000)
  object space 210432K, 89% used [0x00000000c3e00000,0x00000000cf6b7a98,0x00000000d0b80000)
 Metaspace       used 16240K, capacity 16578K, committed 16896K, reserved 1064960K
  class space    used 1567K, capacity 1719K, committed 1792K, reserved 1048576K

